# JRE version: Java(TM) SE Runtime Environment (13.0.2+8) (build 13.0.2+8)
# Java VM: Java HotSpot(TM) 64-Bit Server VM (13.0.2+8, mixed mode, sharing, tiered, compressed oops, g1 gc, windows-amd64)
Heap:
 garbage-first heap   total 174080K, used 121091K [0x0000000700e00000, 0x0000000800000000)
  region size 1024K, 48 young (49152K), 6 survivors (6144K)
 Metaspace       used 65408K, capacity 67943K, committed 68096K, reserved 1107968K
  class space    used 8177K, capacity 9161K, committed 9216K, reserved 1048576K
GC Heap History (20 events):
Event: 37.656 GC heap before
{Heap before GC invocations=31 (full 0):
 garbage-first heap   total 174080K, used 78865K [0x0000000700e00000, 0x0000000800000000)
  region size 1024K, 8 young (8192K), 2 survivors (2048K)
 Metaspace       used 56275K, capacity 58240K, committed 58496K, reserved 1099776K
  class space    used 6930K, capacity 7705K, committed 7808K, reserved 1048576K
}
Event: 37.663 GC heap after
{Heap after GC invocations=32 (full 0):
 garbage-first heap   total 174080K, used 46585K [0x0000000700e00000, 0x0000000800000000)
  region size 1024K, 1 young (1024K), 1 survivors (1024K)
 Metaspace       used 56275K, capacity 58240K, committed 58496K, reserved 1099776K
  class space    used 6930K, capacity 7705K, committed 7808K, reserved 1048576K
}
Event: 44.155 GC heap before
{Heap before GC invocations=32 (full 0):
 garbage-first heap   total 174080K, used 113145K [0x0000000700e00000, 0x0000000800000000)
  region size 1024K, 67 young (68608K), 1 survivors (1024K)
 Metaspace       used 60269K, capacity 62547K, committed 62720K, reserved 1103872K
  class space    used 7493K, capacity 8398K, committed 8448K, reserved 1048576K
}
Event: 44.160 GC heap after
{Heap after GC invocations=33 (full 0):
 garbage-first heap   total 174080K, used 50916K [0x0000000700e00000, 0x0000000800000000)
  region size 1024K, 5 young (5120K), 5 survivors (5120K)
 Metaspace       used 60269K, capacity 62547K, committed 62720K, reserved 1103872K
  class space    used 7493K, capacity 8398K, committed 8448K, reserved 1048576K
}
Event: 44.792 GC heap before
{Heap before GC invocations=33 (full 0):
 garbage-first heap   total 174080K, used 119524K [0x0000000700e00000, 0x0000000800000000)
  region size 1024K, 72 young (73728K), 5 survivors (5120K)
 Metaspace       used 63744K, capacity 66163K, committed 66304K, reserved 1105920K
  class space    used 8135K, capacity 9099K, committed 9216K, reserved 1048576K
}
Event: 44.798 GC heap after
{Heap after GC invocations=34 (full 0):
 garbage-first heap   total 174080K, used 53434K [0x0000000700e00000, 0x0000000800000000)
  region size 1024K, 7 young (7168K), 7 survivors (7168K)
 Metaspace       used 63744K, capacity 66163K, committed 66304K, reserved 1105920K
  class space    used 8135K, capacity 9099K, committed 9216K, reserved 1048576K
}
Event: 46.165 GC heap before
{Heap before GC invocations=34 (full 0):
 garbage-first heap   total 174080K, used 135354K [0x0000000700e00000, 0x0000000800000000)
  region size 1024K, 76 young (77824K), 7 survivors (7168K)
 Metaspace       used 64175K, capacity 66625K, committed 66816K, reserved 1107968K
  class space    used 8135K, capacity 9099K, committed 9216K, reserved 1048576K
}
Event: 46.169 GC heap after
{Heap after GC invocations=35 (full 0):
 garbage-first heap   total 174080K, used 57928K [0x0000000700e00000, 0x0000000800000000)
  region size 1024K, 9 young (9216K), 9 survivors (9216K)
 Metaspace       used 64175K, capacity 66625K, committed 66816K, reserved 1107968K
  class space    used 8135K, capacity 9099K, committed 9216K, reserved 1048576K
}
Event: 65.637 GC heap before
{Heap before GC invocations=35 (full 0):
 garbage-first heap   total 174080K, used 128584K [0x0000000700e00000, 0x0000000800000000)
  region size 1024K, 76 young (77824K), 9 survivors (9216K)
 Metaspace       used 64327K, capacity 66744K, committed 67072K, reserved 1107968K
  class space    used 8146K, capacity 9115K, committed 9216K, reserved 1048576K
}
Event: 65.641 GC heap after
{Heap after GC invocations=36 (full 0):
 garbage-first heap   total 174080K, used 59260K [0x0000000700e00000, 0x0000000800000000)
  region size 1024K, 5 young (5120K), 5 survivors (5120K)
 Metaspace       used 64327K, capacity 66744K, committed 67072K, reserved 1107968K
  class space    used 8146K, capacity 9115K, committed 9216K, reserved 1048576K
}
Event: 67.026 GC heap before
{Heap before GC invocations=36 (full 0):
 garbage-first heap   total 174080K, used 128892K [0x0000000700e00000, 0x0000000800000000)
  region size 1024K, 74 young (75776K), 5 survivors (5120K)
 Metaspace       used 64589K, capacity 67071K, committed 67328K, reserved 1107968K
  class space    used 8158K, capacity 9134K, committed 9216K, reserved 1048576K
}
Event: 67.031 GC heap after
{Heap after GC invocations=37 (full 0):
 garbage-first heap   total 174080K, used 73309K [0x0000000700e00000, 0x0000000800000000)
  region size 1024K, 10 young (10240K), 10 survivors (10240K)
 Metaspace       used 64589K, capacity 67071K, committed 67328K, reserved 1107968K
  class space    used 8158K, capacity 9134K, committed 9216K, reserved 1048576K
}
Event: 70.529 GC heap before
{Heap before GC invocations=37 (full 0):
 garbage-first heap   total 174080K, used 130653K [0x0000000700e00000, 0x0000000800000000)
  region size 1024K, 67 young (68608K), 10 survivors (10240K)
 Metaspace       used 65036K, capacity 67538K, committed 67840K, reserved 1107968K
  class space    used 8176K, capacity 9159K, committed 9216K, reserved 1048576K
}
Event: 70.535 GC heap after
{Heap after GC invocations=38 (full 0):
 garbage-first heap   total 174080K, used 77282K [0x0000000700e00000, 0x0000000800000000)
  region size 1024K, 4 young (4096K), 4 survivors (4096K)
 Metaspace       used 65036K, capacity 67538K, committed 67840K, reserved 1107968K
  class space    used 8176K, capacity 9159K, committed 9216K, reserved 1048576K
}
Event: 70.748 GC heap before
{Heap before GC invocations=38 (full 0):
 garbage-first heap   total 174080K, used 134626K [0x0000000700e00000, 0x0000000800000000)
  region size 1024K, 60 young (61440K), 4 survivors (4096K)
 Metaspace       used 65094K, capacity 67550K, committed 67840K, reserved 1107968K
  class space    used 8177K, capacity 9161K, committed 9216K, reserved 1048576K
}
Event: 70.751 GC heap after
{Heap after GC invocations=39 (full 0):
 garbage-first heap   total 174080K, used 75466K [0x0000000700e00000, 0x0000000800000000)
  region size 1024K, 2 young (2048K), 2 survivors (2048K)
 Metaspace       used 65094K, capacity 67550K, committed 67840K, reserved 1107968K
  class space    used 8177K, capacity 9161K, committed 9216K, reserved 1048576K
}
Event: 70.908 GC heap before
{Heap before GC invocations=39 (full 0):
 garbage-first heap   total 174080K, used 135882K [0x0000000700e00000, 0x0000000800000000)
  region size 1024K, 61 young (62464K), 2 survivors (2048K)
 Metaspace       used 65175K, capacity 67614K, committed 67840K, reserved 1107968K
  class space    used 8177K, capacity 9161K, committed 9216K, reserved 1048576K
}
Event: 70.911 GC heap after
{Heap after GC invocations=40 (full 0):
 garbage-first heap   total 174080K, used 76490K [0x0000000700e00000, 0x0000000800000000)
  region size 1024K, 3 young (3072K), 3 survivors (3072K)
 Metaspace       used 65175K, capacity 67614K, committed 67840K, reserved 1107968K
  class space    used 8177K, capacity 9161K, committed 9216K, reserved 1048576K
}
Event: 71.203 GC heap before
{Heap before GC invocations=40 (full 0):
 garbage-first heap   total 174080K, used 137930K [0x0000000700e00000, 0x0000000800000000)
  region size 1024K, 63 young (64512K), 3 survivors (3072K)
 Metaspace       used 65240K, capacity 67744K, committed 67840K, reserved 1107968K
  class space    used 8177K, capacity 9161K, committed 9216K, reserved 1048576K
}
Event: 71.209 GC heap after
{Heap after GC invocations=41 (full 0):
 garbage-first heap   total 174080K, used 77911K [0x0000000700e00000, 0x0000000800000000)
  region size 1024K, 5 young (5120K), 5 survivors (5120K)
 Metaspace       used 65240K, capacity 67744K, committed 67840K, reserved 1107968K
  class space    used 8177K, capacity 9161K, committed 9216K, reserved 1048576K
}

