# JRE version: Java(TM) SE Runtime Environment (13.0.2+8) (build 13.0.2+8)
# Java VM: Java HotSpot(TM) 64-Bit Server VM (13.0.2+8, mixed mode, sharing, tiered, compressed oops, g1 gc, windows-amd64)
Heap:
 garbage-first heap   total 186368K, used 99232K [0x0000000700e00000, 0x0000000800000000)
  region size 1024K, 45 young (46080K), 4 survivors (4096K)
 Metaspace       used 64262K, capacity 66652K, committed 66816K, reserved 1107968K
  class space    used 8137K, capacity 9103K, committed 9216K, reserved 1048576K
GC Heap History (20 events):
Event: 12.998 GC heap before
{Heap before GC invocations=23 (full 0):
 garbage-first heap   total 144384K, used 111046K [0x0000000700e00000, 0x0000000800000000)
  region size 1024K, 57 young (58368K), 9 survivors (9216K)
 Metaspace       used 49556K, capacity 51326K, committed 51456K, reserved 1093632K
  class space    used 6207K, capacity 6910K, committed 6912K, reserved 1048576K
}
Event: 13.020 GC heap after
{Heap after GC invocations=24 (full 0):
 garbage-first heap   total 144384K, used 77263K [0x0000000700e00000, 0x0000000800000000)
  region size 1024K, 8 young (8192K), 8 survivors (8192K)
 Metaspace       used 49556K, capacity 51326K, committed 51456K, reserved 1093632K
  class space    used 6207K, capacity 6910K, committed 6912K, reserved 1048576K
}
Event: 13.374 GC heap before
{Heap before GC invocations=24 (full 0):
 garbage-first heap   total 144384K, used 111055K [0x0000000700e00000, 0x0000000800000000)
  region size 1024K, 41 young (41984K), 8 survivors (8192K)
 Metaspace       used 49723K, capacity 51503K, committed 51840K, reserved 1093632K
  class space    used 6222K, capacity 6924K, committed 7040K, reserved 1048576K
}
Event: 13.385 GC heap after
{Heap after GC invocations=25 (full 0):
 garbage-first heap   total 144384K, used 85679K [0x0000000700e00000, 0x0000000800000000)
  region size 1024K, 6 young (6144K), 6 survivors (6144K)
 Metaspace       used 49723K, capacity 51503K, committed 51840K, reserved 1093632K
  class space    used 6222K, capacity 6924K, committed 7040K, reserved 1048576K
}
Event: 24.498 GC heap before
{Heap before GC invocations=26 (full 0):
 garbage-first heap   total 152576K, used 113327K [0x0000000700e00000, 0x0000000800000000)
  region size 1024K, 33 young (33792K), 6 survivors (6144K)
 Metaspace       used 50410K, capacity 52256K, committed 52352K, reserved 1095680K
  class space    used 6278K, capacity 6983K, committed 7040K, reserved 1048576K
}
Event: 24.506 GC heap after
{Heap after GC invocations=27 (full 0):
 garbage-first heap   total 186368K, used 88057K [0x0000000700e00000, 0x0000000800000000)
  region size 1024K, 2 young (2048K), 2 survivors (2048K)
 Metaspace       used 50410K, capacity 52256K, committed 52352K, reserved 1095680K
  class space    used 6278K, capacity 6983K, committed 7040K, reserved 1048576K
}
Event: 34.755 GC heap before
{Heap before GC invocations=27 (full 0):
 garbage-first heap   total 186368K, used 110585K [0x0000000700e00000, 0x0000000800000000)
  region size 1024K, 26 young (26624K), 2 survivors (2048K)
 Metaspace       used 53576K, capacity 55439K, committed 55680K, reserved 1097728K
  class space    used 6562K, capacity 7280K, committed 7296K, reserved 1048576K
}
Event: 34.759 GC heap after
{Heap after GC invocations=28 (full 0):
 garbage-first heap   total 186368K, used 88071K [0x0000000700e00000, 0x0000000800000000)
  region size 1024K, 2 young (2048K), 2 survivors (2048K)
 Metaspace       used 53576K, capacity 55439K, committed 55680K, reserved 1097728K
  class space    used 6562K, capacity 7280K, committed 7296K, reserved 1048576K
}
Event: 35.210 GC heap before
{Heap before GC invocations=29 (full 0):
 garbage-first heap   total 186368K, used 121863K [0x0000000700e00000, 0x0000000800000000)
  region size 1024K, 46 young (47104K), 2 survivors (2048K)
 Metaspace       used 53583K, capacity 55439K, committed 55680K, reserved 1097728K
  class space    used 6562K, capacity 7280K, committed 7296K, reserved 1048576K
}
Event: 35.212 GC heap after
{Heap after GC invocations=30 (full 0):
 garbage-first heap   total 186368K, used 78551K [0x0000000700e00000, 0x0000000800000000)
  region size 1024K, 3 young (3072K), 3 survivors (3072K)
 Metaspace       used 53583K, capacity 55439K, committed 55680K, reserved 1097728K
  class space    used 6562K, capacity 7280K, committed 7296K, reserved 1048576K
}
Event: 35.272 GC heap before
{Heap before GC invocations=30 (full 0):
 garbage-first heap   total 186368K, used 94935K [0x0000000700e00000, 0x0000000800000000)
  region size 1024K, 9 young (9216K), 3 survivors (3072K)
 Metaspace       used 53583K, capacity 55439K, committed 55680K, reserved 1097728K
  class space    used 6562K, capacity 7280K, committed 7296K, reserved 1048576K
}
Event: 35.277 GC heap after
{Heap after GC invocations=31 (full 0):
 garbage-first heap   total 186368K, used 60077K [0x0000000700e00000, 0x0000000800000000)
  region size 1024K, 2 young (2048K), 2 survivors (2048K)
 Metaspace       used 53583K, capacity 55439K, committed 55680K, reserved 1097728K
  class space    used 6562K, capacity 7280K, committed 7296K, reserved 1048576K
}
Event: 39.560 GC heap before
{Heap before GC invocations=31 (full 0):
 garbage-first heap   total 186368K, used 122541K [0x0000000700e00000, 0x0000000800000000)
  region size 1024K, 60 young (61440K), 2 survivors (2048K)
 Metaspace       used 56369K, capacity 58345K, committed 58496K, reserved 1099776K
  class space    used 6949K, capacity 7738K, committed 7808K, reserved 1048576K
}
Event: 39.563 GC heap after
{Heap after GC invocations=32 (full 0):
 garbage-first heap   total 186368K, used 60009K [0x0000000700e00000, 0x0000000800000000)
  region size 1024K, 3 young (3072K), 3 survivors (3072K)
 Metaspace       used 56369K, capacity 58345K, committed 58496K, reserved 1099776K
  class space    used 6949K, capacity 7738K, committed 7808K, reserved 1048576K
}
Event: 48.304 GC heap before
{Heap before GC invocations=32 (full 0):
 garbage-first heap   total 186368K, used 123497K [0x0000000700e00000, 0x0000000800000000)
  region size 1024K, 66 young (67584K), 3 survivors (3072K)
 Metaspace       used 59891K, capacity 62216K, committed 62464K, reserved 1103872K
  class space    used 7437K, capacity 8327K, committed 8448K, reserved 1048576K
}
Event: 48.308 GC heap after
{Heap after GC invocations=33 (full 0):
 garbage-first heap   total 186368K, used 50071K [0x0000000700e00000, 0x0000000800000000)
  region size 1024K, 7 young (7168K), 7 survivors (7168K)
 Metaspace       used 59891K, capacity 62216K, committed 62464K, reserved 1103872K
  class space    used 7437K, capacity 8327K, committed 8448K, reserved 1048576K
}
Event: 49.054 GC heap before
{Heap before GC invocations=33 (full 0):
 garbage-first heap   total 186368K, used 122775K [0x0000000700e00000, 0x0000000800000000)
  region size 1024K, 78 young (79872K), 7 survivors (7168K)
 Metaspace       used 63676K, capacity 66090K, committed 66304K, reserved 1105920K
  class space    used 8127K, capacity 9092K, committed 9216K, reserved 1048576K
}
Event: 49.060 GC heap after
{Heap after GC invocations=34 (full 0):
 garbage-first heap   total 186368K, used 52109K [0x0000000700e00000, 0x0000000800000000)
  region size 1024K, 7 young (7168K), 7 survivors (7168K)
 Metaspace       used 63676K, capacity 66090K, committed 66304K, reserved 1105920K
  class space    used 8127K, capacity 9092K, committed 9216K, reserved 1048576K
}
Event: 57.559 GC heap before
{Heap before GC invocations=34 (full 0):
 garbage-first heap   total 186368K, used 139149K [0x0000000700e00000, 0x0000000800000000)
  region size 1024K, 81 young (82944K), 7 survivors (7168K)
 Metaspace       used 64120K, capacity 66505K, committed 66816K, reserved 1107968K
  class space    used 8132K, capacity 9099K, committed 9216K, reserved 1048576K
}
Event: 57.564 GC heap after
{Heap after GC invocations=35 (full 0):
 garbage-first heap   total 186368K, used 56768K [0x0000000700e00000, 0x0000000800000000)
  region size 1024K, 9 young (9216K), 9 survivors (9216K)
 Metaspace       used 64120K, capacity 66505K, committed 66816K, reserved 1107968K
  class space    used 8132K, capacity 9099K, committed 9216K, reserved 1048576K
}

