# JRE version: Java(TM) SE Runtime Environment (13.0.2+8) (build 13.0.2+8)
# Java VM: Java HotSpot(TM) 64-Bit Server VM (13.0.2+8, mixed mode, sharing, tiered, compressed oops, g1 gc, windows-amd64)
Heap:
 garbage-first heap   total 162816K, used 107868K [0x0000000700e00000, 0x0000000800000000)
  region size 1024K, 51 young (52224K), 6 survivors (6144K)
 Metaspace       used 63665K, capacity 66062K, committed 66212K, reserved 1105920K
  class space    used 8132K, capacity 9100K, committed 9216K, reserved 1048576K
GC Heap History (20 events):
Event: 15.964 GC heap before
{Heap before GC invocations=26 (full 0):
 garbage-first heap   total 135168K, used 94479K [0x0000000700e00000, 0x0000000800000000)
  region size 1024K, 25 young (25600K), 5 survivors (5120K)
 Metaspace       used 48254K, capacity 49993K, committed 50212K, reserved 1093632K
  class space    used 6068K, capacity 6743K, committed 6784K, reserved 1048576K
}
Event: 15.973 GC heap after
{Heap after GC invocations=27 (full 0):
 garbage-first heap   total 135168K, used 81241K [0x0000000700e00000, 0x0000000800000000)
  region size 1024K, 4 young (4096K), 4 survivors (4096K)
 Metaspace       used 48254K, capacity 49993K, committed 50212K, reserved 1093632K
  class space    used 6068K, capacity 6743K, committed 6784K, reserved 1048576K
}
Event: 16.062 GC heap before
{Heap before GC invocations=27 (full 0):
 garbage-first heap   total 135168K, used 102745K [0x0000000700e00000, 0x0000000800000000)
  region size 1024K, 25 young (25600K), 4 survivors (4096K)
 Metaspace       used 48261K, capacity 49996K, committed 50212K, reserved 1093632K
  class space    used 6068K, capacity 6743K, committed 6784K, reserved 1048576K
}
Event: 16.071 GC heap after
{Heap after GC invocations=28 (full 0):
 garbage-first heap   total 162816K, used 86873K [0x0000000700e00000, 0x0000000800000000)
  region size 1024K, 4 young (4096K), 4 survivors (4096K)
 Metaspace       used 48261K, capacity 49996K, committed 50212K, reserved 1093632K
  class space    used 6068K, capacity 6743K, committed 6784K, reserved 1048576K
}
Event: 19.147 GC heap before
{Heap before GC invocations=29 (full 0):
 garbage-first heap   total 162816K, used 116569K [0x0000000700e00000, 0x0000000800000000)
  region size 1024K, 33 young (33792K), 4 survivors (4096K)
 Metaspace       used 50072K, capacity 51928K, committed 52004K, reserved 1093632K
  class space    used 6267K, capacity 6980K, committed 7040K, reserved 1048576K
}
Event: 19.152 GC heap after
{Heap after GC invocations=30 (full 0):
 garbage-first heap   total 162816K, used 88921K [0x0000000700e00000, 0x0000000800000000)
  region size 1024K, 2 young (2048K), 2 survivors (2048K)
 Metaspace       used 50072K, capacity 51928K, committed 52004K, reserved 1093632K
  class space    used 6267K, capacity 6980K, committed 7040K, reserved 1048576K
}
Event: 22.226 GC heap before
{Heap before GC invocations=30 (full 0):
 garbage-first heap   total 162816K, used 93017K [0x0000000700e00000, 0x0000000800000000)
  region size 1024K, 7 young (7168K), 2 survivors (2048K)
 Metaspace       used 50136K, capacity 51937K, committed 52004K, reserved 1093632K
  class space    used 6271K, capacity 6983K, committed 7040K, reserved 1048576K
}
Event: 22.254 GC heap after
{Heap after GC invocations=31 (full 0):
 garbage-first heap   total 162816K, used 81666K [0x0000000700e00000, 0x0000000800000000)
  region size 1024K, 1 young (1024K), 1 survivors (1024K)
 Metaspace       used 50136K, capacity 51937K, committed 52004K, reserved 1093632K
  class space    used 6271K, capacity 6983K, committed 7040K, reserved 1048576K
}
Event: 41.232 GC heap before
{Heap before GC invocations=31 (full 0):
 garbage-first heap   total 162816K, used 112386K [0x0000000700e00000, 0x0000000800000000)
  region size 1024K, 33 young (33792K), 1 survivors (1024K)
 Metaspace       used 53234K, capacity 55116K, committed 55332K, reserved 1097728K
  class space    used 6544K, capacity 7279K, committed 7296K, reserved 1048576K
}
Event: 41.235 GC heap after
{Heap after GC invocations=32 (full 0):
 garbage-first heap   total 162816K, used 82376K [0x0000000700e00000, 0x0000000800000000)
  region size 1024K, 2 young (2048K), 2 survivors (2048K)
 Metaspace       used 53234K, capacity 55116K, committed 55332K, reserved 1097728K
  class space    used 6544K, capacity 7279K, committed 7296K, reserved 1048576K
}
Event: 41.664 GC heap before
{Heap before GC invocations=33 (full 0):
 garbage-first heap   total 162816K, used 102856K [0x0000000700e00000, 0x0000000800000000)
  region size 1024K, 36 young (36864K), 2 survivors (2048K)
 Metaspace       used 53428K, capacity 55247K, committed 55332K, reserved 1097728K
  class space    used 6562K, capacity 7280K, committed 7296K, reserved 1048576K
}
Event: 41.666 GC heap after
{Heap after GC invocations=34 (full 0):
 garbage-first heap   total 162816K, used 68591K [0x0000000700e00000, 0x0000000800000000)
  region size 1024K, 2 young (2048K), 2 survivors (2048K)
 Metaspace       used 53428K, capacity 55247K, committed 55332K, reserved 1097728K
  class space    used 6562K, capacity 7280K, committed 7296K, reserved 1048576K
}
Event: 41.699 GC heap before
{Heap before GC invocations=34 (full 0):
 garbage-first heap   total 162816K, used 76783K [0x0000000700e00000, 0x0000000800000000)
  region size 1024K, 7 young (7168K), 2 survivors (2048K)
 Metaspace       used 53428K, capacity 55247K, committed 55332K, reserved 1097728K
  class space    used 6562K, capacity 7280K, committed 7296K, reserved 1048576K
}
Event: 41.708 GC heap after
{Heap after GC invocations=35 (full 0):
 garbage-first heap   total 162816K, used 58466K [0x0000000700e00000, 0x0000000800000000)
  region size 1024K, 1 young (1024K), 1 survivors (1024K)
 Metaspace       used 53428K, capacity 55247K, committed 55332K, reserved 1097728K
  class space    used 6562K, capacity 7280K, committed 7296K, reserved 1048576K
}
Event: 42.159 GC heap before
{Heap before GC invocations=35 (full 0):
 garbage-first heap   total 162816K, used 119906K [0x0000000700e00000, 0x0000000800000000)
  region size 1024K, 47 young (48128K), 1 survivors (1024K)
 Metaspace       used 53668K, capacity 55480K, committed 55716K, reserved 1097728K
  class space    used 6595K, capacity 7315K, committed 7424K, reserved 1048576K
}
Event: 42.162 GC heap after
{Heap after GC invocations=36 (full 0):
 garbage-first heap   total 162816K, used 72986K [0x0000000700e00000, 0x0000000800000000)
  region size 1024K, 1 young (1024K), 1 survivors (1024K)
 Metaspace       used 53668K, capacity 55480K, committed 55716K, reserved 1097728K
  class space    used 6595K, capacity 7315K, committed 7424K, reserved 1048576K
}
Event: 46.928 GC heap before
{Heap before GC invocations=36 (full 0):
 garbage-first heap   total 162816K, used 117018K [0x0000000700e00000, 0x0000000800000000)
  region size 1024K, 44 young (45056K), 1 survivors (1024K)
 Metaspace       used 58622K, capacity 60830K, committed 61092K, reserved 1101824K
  class space    used 7284K, capacity 8171K, committed 8192K, reserved 1048576K
}
Event: 46.931 GC heap after
{Heap after GC invocations=37 (full 0):
 garbage-first heap   total 162816K, used 57122K [0x0000000700e00000, 0x0000000800000000)
  region size 1024K, 4 young (4096K), 4 survivors (4096K)
 Metaspace       used 58622K, capacity 60830K, committed 61092K, reserved 1101824K
  class space    used 7284K, capacity 8171K, committed 8192K, reserved 1048576K
}
Event: 49.600 GC heap before
{Heap before GC invocations=37 (full 0):
 garbage-first heap   total 162816K, used 108322K [0x0000000700e00000, 0x0000000800000000)
  region size 1024K, 55 young (56320K), 4 survivors (4096K)
 Metaspace       used 61182K, capacity 63494K, committed 63652K, reserved 1103872K
  class space    used 7704K, capacity 8625K, committed 8704K, reserved 1048576K
}
Event: 49.604 GC heap after
{Heap after GC invocations=38 (full 0):
 garbage-first heap   total 162816K, used 59417K [0x0000000700e00000, 0x0000000800000000)
  region size 1024K, 6 young (6144K), 6 survivors (6144K)
 Metaspace       used 61182K, capacity 63494K, committed 63652K, reserved 1103872K
  class space    used 7704K, capacity 8625K, committed 8704K, reserved 1048576K
}

