# JRE version: Java(TM) SE Runtime Environment (13.0.2+8) (build 13.0.2+8)
# Java VM: Java HotSpot(TM) 64-Bit Server VM (13.0.2+8, mixed mode, sharing, tiered, compressed oops, g1 gc, windows-amd64)
Heap:
 garbage-first heap   total 174080K, used 99314K [0x0000000700e00000, 0x0000000800000000)
  region size 1024K, 54 young (55296K), 7 survivors (7168K)
 Metaspace       used 64422K, capacity 66935K, committed 67096K, reserved 1107968K
  class space    used 8176K, capacity 9172K, committed 9240K, reserved 1048576K
GC Heap History (20 events):
Event: 13.033 GC heap before
{Heap before GC invocations=24 (full 0):
 garbage-first heap   total 144384K, used 111310K [0x0000000700e00000, 0x0000000800000000)
  region size 1024K, 49 young (50176K), 8 survivors (8192K)
 Metaspace       used 48773K, capacity 50566K, committed 50712K, reserved 1093632K
  class space    used 6139K, capacity 6846K, committed 6936K, reserved 1048576K
}
Event: 13.047 GC heap after
{Heap after GC invocations=25 (full 0):
 garbage-first heap   total 174080K, used 81322K [0x0000000700e00000, 0x0000000800000000)
  region size 1024K, 7 young (7168K), 7 survivors (7168K)
 Metaspace       used 48773K, capacity 50566K, committed 50712K, reserved 1093632K
  class space    used 6139K, capacity 6846K, committed 6936K, reserved 1048576K
}
Event: 13.370 GC heap before
{Heap before GC invocations=25 (full 0):
 garbage-first heap   total 174080K, used 127402K [0x0000000700e00000, 0x0000000800000000)
  region size 1024K, 52 young (53248K), 7 survivors (7168K)
 Metaspace       used 48886K, capacity 50725K, committed 50968K, reserved 1093632K
  class space    used 6146K, capacity 6853K, committed 6936K, reserved 1048576K
}
Event: 13.385 GC heap after
{Heap after GC invocations=26 (full 0):
 garbage-first heap   total 174080K, used 93184K [0x0000000700e00000, 0x0000000800000000)
  region size 1024K, 7 young (7168K), 7 survivors (7168K)
 Metaspace       used 48886K, capacity 50725K, committed 50968K, reserved 1093632K
  class space    used 6146K, capacity 6853K, committed 6936K, reserved 1048576K
}
Event: 28.410 GC heap before
{Heap before GC invocations=26 (full 0):
 garbage-first heap   total 174080K, used 132096K [0x0000000700e00000, 0x0000000800000000)
  region size 1024K, 46 young (47104K), 7 survivors (7168K)
 Metaspace       used 50672K, capacity 52552K, committed 52760K, reserved 1095680K
  class space    used 6324K, capacity 7055K, committed 7192K, reserved 1048576K
}
Event: 28.419 GC heap after
{Heap after GC invocations=27 (full 0):
 garbage-first heap   total 174080K, used 96100K [0x0000000700e00000, 0x0000000800000000)
  region size 1024K, 2 young (2048K), 2 survivors (2048K)
 Metaspace       used 50672K, capacity 52552K, committed 52760K, reserved 1095680K
  class space    used 6324K, capacity 7055K, committed 7192K, reserved 1048576K
}
Event: 56.253 GC heap before
{Heap before GC invocations=28 (full 0):
 garbage-first heap   total 174080K, used 117604K [0x0000000700e00000, 0x0000000800000000)
  region size 1024K, 41 young (41984K), 2 survivors (2048K)
 Metaspace       used 50889K, capacity 52809K, committed 53016K, reserved 1095680K
  class space    used 6325K, capacity 7055K, committed 7192K, reserved 1048576K
}
Event: 56.255 GC heap after
{Heap after GC invocations=29 (full 0):
 garbage-first heap   total 174080K, used 77540K [0x0000000700e00000, 0x0000000800000000)
  region size 1024K, 2 young (2048K), 2 survivors (2048K)
 Metaspace       used 50889K, capacity 52809K, committed 53016K, reserved 1095680K
  class space    used 6325K, capacity 7055K, committed 7192K, reserved 1048576K
}
Event: 60.352 GC heap before
{Heap before GC invocations=29 (full 0):
 garbage-first heap   total 174080K, used 83684K [0x0000000700e00000, 0x0000000800000000)
  region size 1024K, 8 young (8192K), 2 survivors (2048K)
 Metaspace       used 50907K, capacity 52809K, committed 53016K, reserved 1095680K
  class space    used 6325K, capacity 7055K, committed 7192K, reserved 1048576K
}
Event: 60.357 GC heap after
{Heap after GC invocations=30 (full 0):
 garbage-first heap   total 174080K, used 61265K [0x0000000700e00000, 0x0000000800000000)
  region size 1024K, 1 young (1024K), 1 survivors (1024K)
 Metaspace       used 50907K, capacity 52809K, committed 53016K, reserved 1095680K
  class space    used 6325K, capacity 7055K, committed 7192K, reserved 1048576K
}
Event: 95.703 GC heap before
{Heap before GC invocations=30 (full 0):
 garbage-first heap   total 174080K, used 118609K [0x0000000700e00000, 0x0000000800000000)
  region size 1024K, 55 young (56320K), 1 survivors (1024K)
 Metaspace       used 54236K, capacity 56186K, committed 56344K, reserved 1097728K
  class space    used 6615K, capacity 7352K, committed 7448K, reserved 1048576K
}
Event: 95.708 GC heap after
{Heap after GC invocations=31 (full 0):
 garbage-first heap   total 174080K, used 64303K [0x0000000700e00000, 0x0000000800000000)
  region size 1024K, 2 young (2048K), 2 survivors (2048K)
 Metaspace       used 54236K, capacity 56186K, committed 56344K, reserved 1097728K
  class space    used 6615K, capacity 7352K, committed 7448K, reserved 1048576K
}
Event: 96.284 GC heap before
{Heap before GC invocations=31 (full 0):
 garbage-first heap   total 174080K, used 110383K [0x0000000700e00000, 0x0000000800000000)
  region size 1024K, 38 young (38912K), 2 survivors (2048K)
 Metaspace       used 54237K, capacity 56186K, committed 56344K, reserved 1097728K
  class space    used 6615K, capacity 7352K, committed 7448K, reserved 1048576K
}
Event: 96.287 GC heap after
{Heap after GC invocations=32 (full 0):
 garbage-first heap   total 174080K, used 75934K [0x0000000700e00000, 0x0000000800000000)
  region size 1024K, 2 young (2048K), 2 survivors (2048K)
 Metaspace       used 54237K, capacity 56186K, committed 56344K, reserved 1097728K
  class space    used 6615K, capacity 7352K, committed 7448K, reserved 1048576K
}
Event: 101.124 GC heap before
{Heap before GC invocations=33 (full 0):
 garbage-first heap   total 174080K, used 141470K [0x0000000700e00000, 0x0000000800000000)
  region size 1024K, 55 young (56320K), 2 survivors (2048K)
 Metaspace       used 54796K, capacity 56779K, committed 56984K, reserved 1099776K
  class space    used 6691K, capacity 7465K, committed 7576K, reserved 1048576K
}
Event: 101.126 GC heap after
{Heap after GC invocations=34 (full 0):
 garbage-first heap   total 174080K, used 75344K [0x0000000700e00000, 0x0000000800000000)
  region size 1024K, 3 young (3072K), 3 survivors (3072K)
 Metaspace       used 54796K, capacity 56779K, committed 56984K, reserved 1099776K
  class space    used 6691K, capacity 7465K, committed 7576K, reserved 1048576K
}
Event: 101.183 GC heap before
{Heap before GC invocations=34 (full 0):
 garbage-first heap   total 174080K, used 80464K [0x0000000700e00000, 0x0000000800000000)
  region size 1024K, 8 young (8192K), 3 survivors (3072K)
 Metaspace       used 55265K, capacity 57248K, committed 57496K, reserved 1099776K
  class space    used 6770K, capacity 7536K, committed 7576K, reserved 1048576K
}
Event: 101.193 GC heap after
{Heap after GC invocations=35 (full 0):
 garbage-first heap   total 174080K, used 44530K [0x0000000700e00000, 0x0000000800000000)
  region size 1024K, 1 young (1024K), 1 survivors (1024K)
 Metaspace       used 55265K, capacity 57248K, committed 57496K, reserved 1099776K
  class space    used 6770K, capacity 7536K, committed 7576K, reserved 1048576K
}
Event: 111.900 GC heap before
{Heap before GC invocations=35 (full 0):
 garbage-first heap   total 174080K, used 115186K [0x0000000700e00000, 0x0000000800000000)
  region size 1024K, 71 young (72704K), 1 survivors (1024K)
 Metaspace       used 60269K, capacity 62634K, committed 62744K, reserved 1103872K
  class space    used 7435K, capacity 8374K, committed 8472K, reserved 1048576K
}
Event: 111.905 GC heap after
{Heap after GC invocations=36 (full 0):
 garbage-first heap   total 174080K, used 48947K [0x0000000700e00000, 0x0000000800000000)
  region size 1024K, 5 young (5120K), 5 survivors (5120K)
 Metaspace       used 60269K, capacity 62634K, committed 62744K, reserved 1103872K
  class space    used 7435K, capacity 8374K, committed 8472K, reserved 1048576K
}

