# JRE version: Java(TM) SE Runtime Environment (13.0.2+8) (build 13.0.2+8)
# Java VM: Java HotSpot(TM) 64-Bit Server VM (13.0.2+8, mixed mode, sharing, tiered, compressed oops, g1 gc, windows-amd64)
Heap:
 garbage-first heap   total 140288K, used 81626K [0x0000000700e00000, 0x0000000800000000)
  region size 1024K, 36 young (36864K), 3 survivors (3072K)
 Metaspace       used 53432K, capacity 55112K, committed 55320K, reserved 1097728K
  class space    used 6706K, capacity 7363K, committed 7448K, reserved 1048576K
GC Heap History (20 events):
Event: 6.799 GC heap before
{Heap before GC invocations=9 (full 0):
 garbage-first heap   total 116736K, used 90802K [0x0000000700e00000, 0x0000000800000000)
  region size 1024K, 68 young (69632K), 10 survivors (10240K)
 Metaspace       used 24052K, capacity 24774K, committed 25088K, reserved 1071104K
  class space    used 2919K, capacity 3212K, committed 3328K, reserved 1048576K
}
Event: 6.807 GC heap after
{Heap after GC invocations=10 (full 0):
 garbage-first heap   total 116736K, used 33458K [0x0000000700e00000, 0x0000000800000000)
  region size 1024K, 3 young (3072K), 3 survivors (3072K)
 Metaspace       used 24052K, capacity 24774K, committed 25088K, reserved 1071104K
  class space    used 2919K, capacity 3212K, committed 3328K, reserved 1048576K
}
Event: 7.960 GC heap before
{Heap before GC invocations=10 (full 0):
 garbage-first heap   total 116736K, used 91826K [0x0000000700e00000, 0x0000000800000000)
  region size 1024K, 60 young (61440K), 3 survivors (3072K)
 Metaspace       used 30027K, capacity 30995K, committed 31232K, reserved 1077248K
  class space    used 3708K, capacity 4065K, committed 4096K, reserved 1048576K
}
Event: 7.966 GC heap after
{Heap after GC invocations=11 (full 0):
 garbage-first heap   total 116736K, used 35506K [0x0000000700e00000, 0x0000000800000000)
  region size 1024K, 5 young (5120K), 5 survivors (5120K)
 Metaspace       used 30027K, capacity 30995K, committed 31232K, reserved 1077248K
  class space    used 3708K, capacity 4065K, committed 4096K, reserved 1048576K
}
Event: 8.722 GC heap before
{Heap before GC invocations=11 (full 0):
 garbage-first heap   total 116736K, used 92850K [0x0000000700e00000, 0x0000000800000000)
  region size 1024K, 61 young (62464K), 5 survivors (5120K)
 Metaspace       used 32362K, capacity 33431K, committed 33536K, reserved 1079296K
  class space    used 3963K, capacity 4343K, committed 4352K, reserved 1048576K
}
Event: 8.727 GC heap after
{Heap after GC invocations=12 (full 0):
 garbage-first heap   total 116736K, used 36830K [0x0000000700e00000, 0x0000000800000000)
  region size 1024K, 6 young (6144K), 6 survivors (6144K)
 Metaspace       used 32362K, capacity 33431K, committed 33536K, reserved 1079296K
  class space    used 3963K, capacity 4343K, committed 4352K, reserved 1048576K
}
Event: 9.202 GC heap before
{Heap before GC invocations=12 (full 0):
 garbage-first heap   total 116736K, used 93150K [0x0000000700e00000, 0x0000000800000000)
  region size 1024K, 61 young (62464K), 6 survivors (6144K)
 Metaspace       used 33667K, capacity 34775K, committed 34816K, reserved 1079296K
  class space    used 4171K, capacity 4572K, committed 4608K, reserved 1048576K
}
Event: 9.207 GC heap after
{Heap after GC invocations=13 (full 0):
 garbage-first heap   total 116736K, used 38303K [0x0000000700e00000, 0x0000000800000000)
  region size 1024K, 6 young (6144K), 6 survivors (6144K)
 Metaspace       used 33667K, capacity 34775K, committed 34816K, reserved 1079296K
  class space    used 4171K, capacity 4572K, committed 4608K, reserved 1048576K
}
Event: 9.694 GC heap before
{Heap before GC invocations=13 (full 0):
 garbage-first heap   total 116736K, used 94623K [0x0000000700e00000, 0x0000000800000000)
  region size 1024K, 61 young (62464K), 6 survivors (6144K)
 Metaspace       used 33801K, capacity 34946K, committed 35072K, reserved 1079296K
  class space    used 4186K, capacity 4608K, committed 4608K, reserved 1048576K
}
Event: 9.699 GC heap after
{Heap after GC invocations=14 (full 0):
 garbage-first heap   total 116736K, used 38563K [0x0000000700e00000, 0x0000000800000000)
  region size 1024K, 3 young (3072K), 3 survivors (3072K)
 Metaspace       used 33801K, capacity 34946K, committed 35072K, reserved 1079296K
  class space    used 4186K, capacity 4608K, committed 4608K, reserved 1048576K
}
Event: 10.159 GC heap before
{Heap before GC invocations=14 (full 0):
 garbage-first heap   total 116736K, used 95907K [0x0000000700e00000, 0x0000000800000000)
  region size 1024K, 59 young (60416K), 3 survivors (3072K)
 Metaspace       used 33853K, capacity 35014K, committed 35072K, reserved 1079296K
  class space    used 4195K, capacity 4608K, committed 4608K, reserved 1048576K
}
Event: 10.162 GC heap after
{Heap after GC invocations=15 (full 0):
 garbage-first heap   total 116736K, used 39372K [0x0000000700e00000, 0x0000000800000000)
  region size 1024K, 4 young (4096K), 4 survivors (4096K)
 Metaspace       used 33853K, capacity 35014K, committed 35072K, reserved 1079296K
  class space    used 4195K, capacity 4608K, committed 4608K, reserved 1048576K
}
Event: 10.409 GC heap before
{Heap before GC invocations=15 (full 0):
 garbage-first heap   total 116736K, used 80332K [0x0000000700e00000, 0x0000000800000000)
  region size 1024K, 45 young (46080K), 4 survivors (4096K)
 Metaspace       used 34651K, capacity 35750K, committed 35840K, reserved 1081344K
  class space    used 4294K, capacity 4704K, committed 4736K, reserved 1048576K
}
Event: 10.413 GC heap after
{Heap after GC invocations=16 (full 0):
 garbage-first heap   total 116736K, used 39932K [0x0000000700e00000, 0x0000000800000000)
  region size 1024K, 5 young (5120K), 5 survivors (5120K)
 Metaspace       used 34651K, capacity 35750K, committed 35840K, reserved 1081344K
  class space    used 4294K, capacity 4704K, committed 4736K, reserved 1048576K
}
Event: 10.956 GC heap before
{Heap before GC invocations=17 (full 0):
 garbage-first heap   total 116736K, used 92156K [0x0000000700e00000, 0x0000000800000000)
  region size 1024K, 57 young (58368K), 5 survivors (5120K)
 Metaspace       used 37646K, capacity 38777K, committed 39064K, reserved 1083392K
  class space    used 4697K, capacity 5151K, committed 5272K, reserved 1048576K
}
Event: 10.962 GC heap after
{Heap after GC invocations=18 (full 0):
 garbage-first heap   total 116736K, used 41635K [0x0000000700e00000, 0x0000000800000000)
  region size 1024K, 6 young (6144K), 6 survivors (6144K)
 Metaspace       used 37646K, capacity 38777K, committed 39064K, reserved 1083392K
  class space    used 4697K, capacity 5151K, committed 5272K, reserved 1048576K
}
Event: 11.748 GC heap before
{Heap before GC invocations=19 (full 0):
 garbage-first heap   total 116736K, used 92835K [0x0000000700e00000, 0x0000000800000000)
  region size 1024K, 57 young (58368K), 6 survivors (6144K)
 Metaspace       used 46048K, capacity 47513K, committed 47768K, reserved 1091584K
  class space    used 5862K, capacity 6442K, committed 6552K, reserved 1048576K
}
Event: 11.756 GC heap after
{Heap after GC invocations=20 (full 0):
 garbage-first heap   total 116736K, used 45580K [0x0000000700e00000, 0x0000000800000000)
  region size 1024K, 8 young (8192K), 8 survivors (8192K)
 Metaspace       used 46048K, capacity 47513K, committed 47768K, reserved 1091584K
  class space    used 5862K, capacity 6442K, committed 6552K, reserved 1048576K
}
Event: 12.895 GC heap before
{Heap before GC invocations=20 (full 0):
 garbage-first heap   total 116736K, used 93708K [0x0000000700e00000, 0x0000000800000000)
  region size 1024K, 55 young (56320K), 8 survivors (8192K)
 Metaspace       used 49269K, capacity 50897K, committed 50968K, reserved 1093632K
  class space    used 6224K, capacity 6878K, committed 6936K, reserved 1048576K
}
Event: 12.913 GC heap after
{Heap after GC invocations=21 (full 0):
 garbage-first heap   total 140288K, used 49917K [0x0000000700e00000, 0x0000000800000000)
  region size 1024K, 5 young (5120K), 5 survivors (5120K)
 Metaspace       used 49269K, capacity 50897K, committed 50968K, reserved 1093632K
  class space    used 6224K, capacity 6878K, committed 6936K, reserved 1048576K
}

